source: 1    %mm_dstrans (
source: 2    dscodeFileUri=%nrstr(/files/files/3699067c-edf2-4509-86d1-d938477aff02),
source: 3    xmlFileUri=%nrstr(/files/files/b0032f38-977c-4e7a-bdaf-9f7984e3042d),
source: 4    ds2epFileUri=%nrstr(),
source: 5    ds2pkgFileUri=%nrstr(/files/files/3746f041-ddd3-4d5e-b406-6e4fe14560fa));
note: 
note: NOTE: Copy Data Step score code file to local.
note: NOTE: DATA statement used (Total process time):
note:       real time           0.11 seconds
note:       cpu time            0.01 seconds
note:       
note: 
note: 
note: NOTE: Copy score XML file to local.
note: NOTE: DATA statement used (Total process time):
note:       real time           0.11 seconds
note:       cpu time            0.00 seconds
note:       
note: 
note: 
note: NOTE: PROCEDURE DSTRANS used (Total process time):
note:       real time           0.01 seconds
note:       cpu time            0.01 seconds
note:       
title: 2                                                          The SAS System                     Tuesday, November 26, 2024 07:14:00 PM
title: 
note: 
note: 
note: NOTE: Copy DS2 Package file to file service.
note: NOTE: DATA statement used (Total process time):
note:       real time           7.03 seconds
note:       cpu time            0.00 seconds
note:       
note: 
note: NOTE: Fileref _DS2PKG has been deassigned.
note: NOTE: Fileref DS2PKG has been deassigned.
note: NOTE: Fileref _DSCODE has been deassigned.
note: NOTE: Fileref DSCODE has been deassigned.
note: NOTE: Fileref _SCRXML has been deassigned.
note: NOTE: Fileref SCRXML has been deassigned.
note: 